Analysis & Synthesis report for NiosAndUserHW
Mon Oct 20 22:12:56 2025
Quartus II 64-Bit Version 13.0.1 Build 232 06/12/2013 Service Pack 1 SJ Web Edition


---------------------
; Table of Contents ;
---------------------
  1. Legal Notice
  2. Analysis & Synthesis Summary
  3. Analysis & Synthesis Settings
  4. Parallel Compilation
  5. Analysis & Synthesis Source Files Read
  6. Analysis & Synthesis Resource Usage Summary
  7. Analysis & Synthesis Resource Utilization by Entity
  8. Analysis & Synthesis RAM Summary
  9. Analysis & Synthesis IP Cores Summary
 10. General Register Statistics
 11. Multiplexer Restructuring Statistics (Restructuring Performed)
 12. Source assignments for bram1024x32:bram_inst|altsyncram:altsyncram_component|altsyncram_24b1:auto_generated
 13. Parameter Settings for User Entity Instance: bram1024x32:bram_inst|altsyncram:altsyncram_component
 14. altsyncram Parameter Settings by Entity Instance
 15. Port Connectivity Checks: "bram1024x32:bram_inst"
 16. Elapsed Time Per Partition
 17. Analysis & Synthesis Messages



----------------
; Legal Notice ;
----------------
Copyright (C) 1991-2013 Altera Corporation
Your use of Altera Corporation's design tools, logic functions 
and other software and tools, and its AMPP partner logic 
functions, and any output files from any of the foregoing 
(including device programming or simulation files), and any 
associated documentation or information are expressly subject 
to the terms and conditions of the Altera Program License 
Subscription Agreement, Altera MegaCore Function License 
Agreement, or other applicable license agreement, including, 
without limitation, that your use is for the sole purpose of 
programming logic devices manufactured by Altera and sold by 
Altera or its authorized distributors.  Please refer to the 
applicable agreement for further details.



+--------------------------------------------------------------------------------------+
; Analysis & Synthesis Summary                                                         ;
+------------------------------------+-------------------------------------------------+
; Analysis & Synthesis Status        ; Successful - Mon Oct 20 22:12:56 2025           ;
; Quartus II 64-Bit Version          ; 13.0.1 Build 232 06/12/2013 SP 1 SJ Web Edition ;
; Revision Name                      ; NiosAndUserHW                                   ;
; Top-level Entity Name              ; NiosAndUserHW                                   ;
; Family                             ; Cyclone IV E                                    ;
; Total logic elements               ; 60                                              ;
;     Total combinational functions  ; 20                                              ;
;     Dedicated logic registers      ; 52                                              ;
; Total registers                    ; 52                                              ;
; Total pins                         ; 71                                              ;
; Total virtual pins                 ; 0                                               ;
; Total memory bits                  ; 32,768                                          ;
; Embedded Multiplier 9-bit elements ; 0                                               ;
; Total PLLs                         ; 0                                               ;
+------------------------------------+-------------------------------------------------+


+----------------------------------------------------------------------------------------------------------------------+
; Analysis & Synthesis Settings                                                                                        ;
+----------------------------------------------------------------------------+--------------------+--------------------+
; Option                                                                     ; Setting            ; Default Value      ;
+----------------------------------------------------------------------------+--------------------+--------------------+
; Device                                                                     ; EP4CE22F17C6       ;                    ;
; Top-level entity name                                                      ; NiosAndUserHW      ; NiosAndUserHW      ;
; Family name                                                                ; Cyclone IV E       ; Cyclone IV GX      ;
; Use smart compilation                                                      ; Off                ; Off                ;
; Enable parallel Assembler and TimeQuest Timing Analyzer during compilation ; On                 ; On                 ;
; Enable compact report table                                                ; Off                ; Off                ;
; Restructure Multiplexers                                                   ; Auto               ; Auto               ;
; Create Debugging Nodes for IP Cores                                        ; Off                ; Off                ;
; Preserve fewer node names                                                  ; On                 ; On                 ;
; Disable OpenCore Plus hardware evaluation                                  ; Off                ; Off                ;
; Verilog Version                                                            ; Verilog_2001       ; Verilog_2001       ;
; VHDL Version                                                               ; VHDL_1993          ; VHDL_1993          ;
; State Machine Processing                                                   ; Auto               ; Auto               ;
; Safe State Machine                                                         ; Off                ; Off                ;
; Extract Verilog State Machines                                             ; On                 ; On                 ;
; Extract VHDL State Machines                                                ; On                 ; On                 ;
; Ignore Verilog initial constructs                                          ; Off                ; Off                ;
; Iteration limit for constant Verilog loops                                 ; 5000               ; 5000               ;
; Iteration limit for non-constant Verilog loops                             ; 250                ; 250                ;
; Add Pass-Through Logic to Inferred RAMs                                    ; On                 ; On                 ;
; Infer RAMs from Raw Logic                                                  ; On                 ; On                 ;
; Parallel Synthesis                                                         ; On                 ; On                 ;
; DSP Block Balancing                                                        ; Auto               ; Auto               ;
; NOT Gate Push-Back                                                         ; On                 ; On                 ;
; Power-Up Don't Care                                                        ; On                 ; On                 ;
; Remove Redundant Logic Cells                                               ; Off                ; Off                ;
; Remove Duplicate Registers                                                 ; On                 ; On                 ;
; Ignore CARRY Buffers                                                       ; Off                ; Off                ;
; Ignore CASCADE Buffers                                                     ; Off                ; Off                ;
; Ignore GLOBAL Buffers                                                      ; Off                ; Off                ;
; Ignore ROW GLOBAL Buffers                                                  ; Off                ; Off                ;
; Ignore LCELL Buffers                                                       ; Off                ; Off                ;
; Ignore SOFT Buffers                                                        ; On                 ; On                 ;
; Limit AHDL Integers to 32 Bits                                             ; Off                ; Off                ;
; Optimization Technique                                                     ; Balanced           ; Balanced           ;
; Carry Chain Length                                                         ; 70                 ; 70                 ;
; Auto Carry Chains                                                          ; On                 ; On                 ;
; Auto Open-Drain Pins                                                       ; On                 ; On                 ;
; Perform WYSIWYG Primitive Resynthesis                                      ; Off                ; Off                ;
; Auto ROM Replacement                                                       ; On                 ; On                 ;
; Auto RAM Replacement                                                       ; On                 ; On                 ;
; Auto DSP Block Replacement                                                 ; On                 ; On                 ;
; Auto Shift Register Replacement                                            ; Auto               ; Auto               ;
; Allow Shift Register Merging across Hierarchies                            ; Auto               ; Auto               ;
; Auto Clock Enable Replacement                                              ; On                 ; On                 ;
; Strict RAM Replacement                                                     ; Off                ; Off                ;
; Allow Synchronous Control Signals                                          ; On                 ; On                 ;
; Force Use of Synchronous Clear Signals                                     ; Off                ; Off                ;
; Auto RAM Block Balancing                                                   ; On                 ; On                 ;
; Auto RAM to Logic Cell Conversion                                          ; Off                ; Off                ;
; Auto Resource Sharing                                                      ; Off                ; Off                ;
; Allow Any RAM Size For Recognition                                         ; Off                ; Off                ;
; Allow Any ROM Size For Recognition                                         ; Off                ; Off                ;
; Allow Any Shift Register Size For Recognition                              ; Off                ; Off                ;
; Use LogicLock Constraints during Resource Balancing                        ; On                 ; On                 ;
; Ignore translate_off and synthesis_off directives                          ; Off                ; Off                ;
; Timing-Driven Synthesis                                                    ; On                 ; On                 ;
; Report Parameter Settings                                                  ; On                 ; On                 ;
; Report Source Assignments                                                  ; On                 ; On                 ;
; Report Connectivity Checks                                                 ; On                 ; On                 ;
; Ignore Maximum Fan-Out Assignments                                         ; Off                ; Off                ;
; Synchronization Register Chain Length                                      ; 2                  ; 2                  ;
; PowerPlay Power Optimization                                               ; Normal compilation ; Normal compilation ;
; HDL message level                                                          ; Level2             ; Level2             ;
; Suppress Register Optimization Related Messages                            ; Off                ; Off                ;
; Number of Removed Registers Reported in Synthesis Report                   ; 5000               ; 5000               ;
; Number of Swept Nodes Reported in Synthesis Report                         ; 5000               ; 5000               ;
; Number of Inverted Registers Reported in Synthesis Report                  ; 100                ; 100                ;
; Clock MUX Protection                                                       ; On                 ; On                 ;
; Auto Gated Clock Conversion                                                ; Off                ; Off                ;
; Block Design Naming                                                        ; Auto               ; Auto               ;
; SDC constraint protection                                                  ; Off                ; Off                ;
; Synthesis Effort                                                           ; Auto               ; Auto               ;
; Shift Register Replacement - Allow Asynchronous Clear Signal               ; On                 ; On                 ;
; Pre-Mapping Resynthesis Optimization                                       ; Off                ; Off                ;
; Analysis & Synthesis Message Level                                         ; Medium             ; Medium             ;
; Disable Register Merging Across Hierarchies                                ; Auto               ; Auto               ;
; Resource Aware Inference For Block RAM                                     ; On                 ; On                 ;
; Synthesis Seed                                                             ; 1                  ; 1                  ;
+----------------------------------------------------------------------------+--------------------+--------------------+


Parallel compilation was disabled, but you have multiple processors available. Enable parallel compilation to reduce compilation time.
+-------------------------------------+
; Parallel Compilation                ;
+----------------------------+--------+
; Processors                 ; Number ;
+----------------------------+--------+
; Number detected on machine ; 12     ;
; Maximum allowed            ; 1      ;
+----------------------------+--------+


+--------------------------------------------------------------------------------------------------------------------------------------------------------------------------------------------+
; Analysis & Synthesis Source Files Read                                                                                                                                                     ;
+----------------------------------+-----------------+------------------------------+----------------------------------------------------------------------------------------------+---------+
; File Name with User-Entered Path ; Used in Netlist ; File Type                    ; File Name with Absolute Path                                                                 ; Library ;
+----------------------------------+-----------------+------------------------------+----------------------------------------------------------------------------------------------+---------+
; ../BRAM1024/bram1024x32.vhd      ; yes             ; User Wizard-Generated File   ; C:/Users/MATHEUS.VPS/Repos/Personal/ReconfigurableLogic/BRAM1024/bram1024x32.vhd             ;         ;
; NiosAndUserHW.vhd                ; yes             ; User VHDL File               ; C:/Users/MATHEUS.VPS/Repos/Personal/ReconfigurableLogic/NiosAndUserHW/NiosAndUserHW.vhd      ;         ;
; altsyncram.tdf                   ; yes             ; Megafunction                 ; c:/altera/13.0sp1/quartus/libraries/megafunctions/altsyncram.tdf                             ;         ;
; stratix_ram_block.inc            ; yes             ; Megafunction                 ; c:/altera/13.0sp1/quartus/libraries/megafunctions/stratix_ram_block.inc                      ;         ;
; lpm_mux.inc                      ; yes             ; Megafunction                 ; c:/altera/13.0sp1/quartus/libraries/megafunctions/lpm_mux.inc                                ;         ;
; lpm_decode.inc                   ; yes             ; Megafunction                 ; c:/altera/13.0sp1/quartus/libraries/megafunctions/lpm_decode.inc                             ;         ;
; aglobal130.inc                   ; yes             ; Megafunction                 ; c:/altera/13.0sp1/quartus/libraries/megafunctions/aglobal130.inc                             ;         ;
; a_rdenreg.inc                    ; yes             ; Megafunction                 ; c:/altera/13.0sp1/quartus/libraries/megafunctions/a_rdenreg.inc                              ;         ;
; altrom.inc                       ; yes             ; Megafunction                 ; c:/altera/13.0sp1/quartus/libraries/megafunctions/altrom.inc                                 ;         ;
; altram.inc                       ; yes             ; Megafunction                 ; c:/altera/13.0sp1/quartus/libraries/megafunctions/altram.inc                                 ;         ;
; altdpram.inc                     ; yes             ; Megafunction                 ; c:/altera/13.0sp1/quartus/libraries/megafunctions/altdpram.inc                               ;         ;
; db/altsyncram_24b1.tdf           ; yes             ; Auto-Generated Megafunction  ; C:/Users/MATHEUS.VPS/Repos/Personal/ReconfigurableLogic/NiosAndUserHW/db/altsyncram_24b1.tdf ;         ;
+----------------------------------+-----------------+------------------------------+----------------------------------------------------------------------------------------------+---------+


+---------------------------------------------------------+
; Analysis & Synthesis Resource Usage Summary             ;
+---------------------------------------------+-----------+
; Resource                                    ; Usage     ;
+---------------------------------------------+-----------+
; Estimated Total logic elements              ; 60        ;
;                                             ;           ;
; Total combinational functions               ; 20        ;
; Logic element usage by number of LUT inputs ;           ;
;     -- 4 input functions                    ; 3         ;
;     -- 3 input functions                    ; 2         ;
;     -- <=2 input functions                  ; 15        ;
;                                             ;           ;
; Logic elements by mode                      ;           ;
;     -- normal mode                          ; 20        ;
;     -- arithmetic mode                      ; 0         ;
;                                             ;           ;
; Total registers                             ; 52        ;
;     -- Dedicated logic registers            ; 52        ;
;     -- I/O registers                        ; 0         ;
;                                             ;           ;
; I/O pins                                    ; 71        ;
; Total memory bits                           ; 32768     ;
; Embedded Multiplier 9-bit elements          ; 0         ;
; Maximum fan-out node                        ; clk~input ;
; Maximum fan-out                             ; 84        ;
; Total fan-out                               ; 753       ;
; Average fan-out                             ; 3.06      ;
+---------------------------------------------+-----------+


+----------------------------------------------------------------------------------------------------------------------------------------------------------------------------------------------------------------------------------------------------------------------------+
; Analysis & Synthesis Resource Utilization by Entity                                                                                                                                                                                                                        ;
+-------------------------------------------+-------------------+--------------+-------------+--------------+---------+-----------+------+--------------+-----------------------------------------------------------------------------------------------------+--------------+
; Compilation Hierarchy Node                ; LC Combinationals ; LC Registers ; Memory Bits ; DSP Elements ; DSP 9x9 ; DSP 18x18 ; Pins ; Virtual Pins ; Full Hierarchy Name                                                                                 ; Library Name ;
+-------------------------------------------+-------------------+--------------+-------------+--------------+---------+-----------+------+--------------+-----------------------------------------------------------------------------------------------------+--------------+
; |NiosAndUserHW                            ; 20 (20)           ; 52 (52)      ; 32768       ; 0            ; 0       ; 0         ; 71   ; 0            ; |NiosAndUserHW                                                                                      ; work         ;
;    |bram1024x32:bram_inst|                ; 0 (0)             ; 0 (0)        ; 32768       ; 0            ; 0       ; 0         ; 0    ; 0            ; |NiosAndUserHW|bram1024x32:bram_inst                                                                ; work         ;
;       |altsyncram:altsyncram_component|   ; 0 (0)             ; 0 (0)        ; 32768       ; 0            ; 0       ; 0         ; 0    ; 0            ; |NiosAndUserHW|bram1024x32:bram_inst|altsyncram:altsyncram_component                                ; work         ;
;          |altsyncram_24b1:auto_generated| ; 0 (0)             ; 0 (0)        ; 32768       ; 0            ; 0       ; 0         ; 0    ; 0            ; |NiosAndUserHW|bram1024x32:bram_inst|altsyncram:altsyncram_component|altsyncram_24b1:auto_generated ; work         ;
+-------------------------------------------+-------------------+--------------+-------------+--------------+---------+-----------+------+--------------+-----------------------------------------------------------------------------------------------------+--------------+
Note: For table entries with two numbers listed, the numbers in parentheses indicate the number of resources of the given type used by the specific entity alone. The numbers listed outside of parentheses indicate the total resources of the given type used by the specific entity and all of its sub-entities in the hierarchy.


+-------------------------------------------------------------------------------------------------------------------------------------------------------------------------------------------------+
; Analysis & Synthesis RAM Summary                                                                                                                                                                ;
+-------------------------------------------------------------------------------------------------+------+-------------+--------------+--------------+--------------+--------------+-------+------+
; Name                                                                                            ; Type ; Mode        ; Port A Depth ; Port A Width ; Port B Depth ; Port B Width ; Size  ; MIF  ;
+-------------------------------------------------------------------------------------------------+------+-------------+--------------+--------------+--------------+--------------+-------+------+
; bram1024x32:bram_inst|altsyncram:altsyncram_component|altsyncram_24b1:auto_generated|ALTSYNCRAM ; AUTO ; Single Port ; 1024         ; 32           ; --           ; --           ; 32768 ; None ;
+-------------------------------------------------------------------------------------------------+------+-------------+--------------+--------------+--------------+--------------+-------+------+


+-----------------------------------------------------------------------------------------------------------------------------------------------------------------------------------------+
; Analysis & Synthesis IP Cores Summary                                                                                                                                                   ;
+--------+--------------+---------+--------------+--------------+--------------------------------------+----------------------------------------------------------------------------------+
; Vendor ; IP Core Name ; Version ; Release Date ; License Type ; Entity Instance                      ; IP Include File                                                                  ;
+--------+--------------+---------+--------------+--------------+--------------------------------------+----------------------------------------------------------------------------------+
; Altera ; RAM: 1-PORT  ; N/A     ; N/A          ; N/A          ; |NiosAndUserHW|bram1024x32:bram_inst ; C:/Users/MATHEUS.VPS/Repos/Personal/ReconfigurableLogic/BRAM1024/bram1024x32.vhd ;
+--------+--------------+---------+--------------+--------------+--------------------------------------+----------------------------------------------------------------------------------+


+------------------------------------------------------+
; General Register Statistics                          ;
+----------------------------------------------+-------+
; Statistic                                    ; Value ;
+----------------------------------------------+-------+
; Total registers                              ; 52    ;
; Number of registers using Synchronous Clear  ; 2     ;
; Number of registers using Synchronous Load   ; 0     ;
; Number of registers using Asynchronous Clear ; 0     ;
; Number of registers using Asynchronous Load  ; 0     ;
; Number of registers using Clock Enable       ; 50    ;
; Number of registers using Preset             ; 0     ;
+----------------------------------------------+-------+


+------------------------------------------------------------------------------------------------------------------------------------------+
; Multiplexer Restructuring Statistics (Restructuring Performed)                                                                           ;
+--------------------+-----------+---------------+----------------------+------------------------+------------+----------------------------+
; Multiplexer Inputs ; Bus Width ; Baseline Area ; Area if Restructured ; Saving if Restructured ; Registered ; Example Multiplexer Output ;
+--------------------+-----------+---------------+----------------------+------------------------+------------+----------------------------+
; 4:1                ; 8 bits    ; 16 LEs        ; 8 LEs                ; 8 LEs                  ; Yes        ; |NiosAndUserHW|reg_data[0] ;
; 4:1                ; 10 bits   ; 20 LEs        ; 10 LEs               ; 10 LEs                 ; Yes        ; |NiosAndUserHW|reg_addr[0] ;
+--------------------+-----------+---------------+----------------------+------------------------+------------+----------------------------+


+-------------------------------------------------------------------------------------------------------------+
; Source assignments for bram1024x32:bram_inst|altsyncram:altsyncram_component|altsyncram_24b1:auto_generated ;
+---------------------------------+--------------------+------+-----------------------------------------------+
; Assignment                      ; Value              ; From ; To                                            ;
+---------------------------------+--------------------+------+-----------------------------------------------+
; OPTIMIZE_POWER_DURING_SYNTHESIS ; NORMAL_COMPILATION ; -    ; -                                             ;
+---------------------------------+--------------------+------+-----------------------------------------------+


+----------------------------------------------------------------------------------------------------+
; Parameter Settings for User Entity Instance: bram1024x32:bram_inst|altsyncram:altsyncram_component ;
+------------------------------------+----------------------+----------------------------------------+
; Parameter Name                     ; Value                ; Type                                   ;
+------------------------------------+----------------------+----------------------------------------+
; BYTE_SIZE_BLOCK                    ; 8                    ; Untyped                                ;
; AUTO_CARRY_CHAINS                  ; ON                   ; AUTO_CARRY                             ;
; IGNORE_CARRY_BUFFERS               ; OFF                  ; IGNORE_CARRY                           ;
; AUTO_CASCADE_CHAINS                ; ON                   ; AUTO_CASCADE                           ;
; IGNORE_CASCADE_BUFFERS             ; OFF                  ; IGNORE_CASCADE                         ;
; WIDTH_BYTEENA                      ; 1                    ; Untyped                                ;
; OPERATION_MODE                     ; SINGLE_PORT          ; Untyped                                ;
; WIDTH_A                            ; 32                   ; Signed Integer                         ;
; WIDTHAD_A                          ; 10                   ; Signed Integer                         ;
; NUMWORDS_A                         ; 1024                 ; Signed Integer                         ;
; OUTDATA_REG_A                      ; UNREGISTERED         ; Untyped                                ;
; ADDRESS_ACLR_A                     ; NONE                 ; Untyped                                ;
; OUTDATA_ACLR_A                     ; NONE                 ; Untyped                                ;
; WRCONTROL_ACLR_A                   ; NONE                 ; Untyped                                ;
; INDATA_ACLR_A                      ; NONE                 ; Untyped                                ;
; BYTEENA_ACLR_A                     ; NONE                 ; Untyped                                ;
; WIDTH_B                            ; 1                    ; Untyped                                ;
; WIDTHAD_B                          ; 1                    ; Untyped                                ;
; NUMWORDS_B                         ; 1                    ; Untyped                                ;
; INDATA_REG_B                       ; CLOCK1               ; Untyped                                ;
; WRCONTROL_WRADDRESS_REG_B          ; CLOCK1               ; Untyped                                ;
; RDCONTROL_REG_B                    ; CLOCK1               ; Untyped                                ;
; ADDRESS_REG_B                      ; CLOCK1               ; Untyped                                ;
; OUTDATA_REG_B                      ; UNREGISTERED         ; Untyped                                ;
; BYTEENA_REG_B                      ; CLOCK1               ; Untyped                                ;
; INDATA_ACLR_B                      ; NONE                 ; Untyped                                ;
; WRCONTROL_ACLR_B                   ; NONE                 ; Untyped                                ;
; ADDRESS_ACLR_B                     ; NONE                 ; Untyped                                ;
; OUTDATA_ACLR_B                     ; NONE                 ; Untyped                                ;
; RDCONTROL_ACLR_B                   ; NONE                 ; Untyped                                ;
; BYTEENA_ACLR_B                     ; NONE                 ; Untyped                                ;
; WIDTH_BYTEENA_A                    ; 1                    ; Signed Integer                         ;
; WIDTH_BYTEENA_B                    ; 1                    ; Untyped                                ;
; RAM_BLOCK_TYPE                     ; AUTO                 ; Untyped                                ;
; BYTE_SIZE                          ; 8                    ; Untyped                                ;
; READ_DURING_WRITE_MODE_MIXED_PORTS ; DONT_CARE            ; Untyped                                ;
; READ_DURING_WRITE_MODE_PORT_A      ; NEW_DATA_NO_NBE_READ ; Untyped                                ;
; READ_DURING_WRITE_MODE_PORT_B      ; NEW_DATA_NO_NBE_READ ; Untyped                                ;
; INIT_FILE                          ; UNUSED               ; Untyped                                ;
; INIT_FILE_LAYOUT                   ; PORT_A               ; Untyped                                ;
; MAXIMUM_DEPTH                      ; 0                    ; Untyped                                ;
; CLOCK_ENABLE_INPUT_A               ; BYPASS               ; Untyped                                ;
; CLOCK_ENABLE_INPUT_B               ; NORMAL               ; Untyped                                ;
; CLOCK_ENABLE_OUTPUT_A              ; BYPASS               ; Untyped                                ;
; CLOCK_ENABLE_OUTPUT_B              ; NORMAL               ; Untyped                                ;
; CLOCK_ENABLE_CORE_A                ; USE_INPUT_CLKEN      ; Untyped                                ;
; CLOCK_ENABLE_CORE_B                ; USE_INPUT_CLKEN      ; Untyped                                ;
; ENABLE_ECC                         ; FALSE                ; Untyped                                ;
; ECC_PIPELINE_STAGE_ENABLED         ; FALSE                ; Untyped                                ;
; WIDTH_ECCSTATUS                    ; 3                    ; Untyped                                ;
; DEVICE_FAMILY                      ; Cyclone IV E         ; Untyped                                ;
; CBXI_PARAMETER                     ; altsyncram_24b1      ; Untyped                                ;
+------------------------------------+----------------------+----------------------------------------+
Note: In order to hide this table in the UI and the text report file, please set the "Show Parameter Settings in Synthesis Report" option in "Analysis and Synthesis Settings -> More Settings" to "Off".


+---------------------------------------------------------------------------------------------------+
; altsyncram Parameter Settings by Entity Instance                                                  ;
+-------------------------------------------+-------------------------------------------------------+
; Name                                      ; Value                                                 ;
+-------------------------------------------+-------------------------------------------------------+
; Number of entity instances                ; 1                                                     ;
; Entity Instance                           ; bram1024x32:bram_inst|altsyncram:altsyncram_component ;
;     -- OPERATION_MODE                     ; SINGLE_PORT                                           ;
;     -- WIDTH_A                            ; 32                                                    ;
;     -- NUMWORDS_A                         ; 1024                                                  ;
;     -- OUTDATA_REG_A                      ; UNREGISTERED                                          ;
;     -- WIDTH_B                            ; 1                                                     ;
;     -- NUMWORDS_B                         ; 1                                                     ;
;     -- ADDRESS_REG_B                      ; CLOCK1                                                ;
;     -- OUTDATA_REG_B                      ; UNREGISTERED                                          ;
;     -- RAM_BLOCK_TYPE                     ; AUTO                                                  ;
;     -- READ_DURING_WRITE_MODE_MIXED_PORTS ; DONT_CARE                                             ;
+-------------------------------------------+-------------------------------------------------------+


+---------------------------------------------------+
; Port Connectivity Checks: "bram1024x32:bram_inst" ;
+-------------+-------+----------+------------------+
; Port        ; Type  ; Severity ; Details          ;
+-------------+-------+----------+------------------+
; data[31..8] ; Input ; Info     ; Stuck at GND     ;
+-------------+-------+----------+------------------+


+-------------------------------+
; Elapsed Time Per Partition    ;
+----------------+--------------+
; Partition Name ; Elapsed Time ;
+----------------+--------------+
; Top            ; 00:00:00     ;
+----------------+--------------+


+-------------------------------+
; Analysis & Synthesis Messages ;
+-------------------------------+
Info: *******************************************************************
Info: Running Quartus II 64-Bit Analysis & Synthesis
    Info: Version 13.0.1 Build 232 06/12/2013 Service Pack 1 SJ Web Edition
    Info: Processing started: Mon Oct 20 22:12:54 2025
Info: Command: quartus_map --read_settings_files=on --write_settings_files=off NiosAndUserHW -c NiosAndUserHW
Warning (20028): Parallel compilation is not licensed and has been disabled
Info (12021): Found 2 design units, including 1 entities, in source file /users/matheus.vps/repos/personal/reconfigurablelogic/bram1024/bram1024x32.vhd
    Info (12022): Found design unit 1: bram1024x32-SYN
    Info (12023): Found entity 1: bram1024x32
Info (12021): Found 2 design units, including 1 entities, in source file niosanduserhw.vhd
    Info (12022): Found design unit 1: NiosAndUserHW-rtl
    Info (12023): Found entity 1: NiosAndUserHW
Info (12127): Elaborating entity "NiosAndUserHW" for the top level hierarchy
Warning (10036): Verilog HDL or VHDL warning at NiosAndUserHW.vhd(24): object "reg_control" assigned a value but never read
Info (12128): Elaborating entity "bram1024x32" for hierarchy "bram1024x32:bram_inst"
Info (12128): Elaborating entity "altsyncram" for hierarchy "bram1024x32:bram_inst|altsyncram:altsyncram_component"
Info (12130): Elaborated megafunction instantiation "bram1024x32:bram_inst|altsyncram:altsyncram_component"
Info (12133): Instantiated megafunction "bram1024x32:bram_inst|altsyncram:altsyncram_component" with the following parameter:
    Info (12134): Parameter "clock_enable_input_a" = "BYPASS"
    Info (12134): Parameter "clock_enable_output_a" = "BYPASS"
    Info (12134): Parameter "intended_device_family" = "Cyclone II"
    Info (12134): Parameter "lpm_hint" = "ENABLE_RUNTIME_MOD=NO"
    Info (12134): Parameter "lpm_type" = "altsyncram"
    Info (12134): Parameter "numwords_a" = "1024"
    Info (12134): Parameter "operation_mode" = "SINGLE_PORT"
    Info (12134): Parameter "outdata_aclr_a" = "NONE"
    Info (12134): Parameter "outdata_reg_a" = "UNREGISTERED"
    Info (12134): Parameter "power_up_uninitialized" = "FALSE"
    Info (12134): Parameter "widthad_a" = "10"
    Info (12134): Parameter "width_a" = "32"
    Info (12134): Parameter "width_byteena_a" = "1"
Info (12021): Found 1 design units, including 1 entities, in source file db/altsyncram_24b1.tdf
    Info (12023): Found entity 1: altsyncram_24b1
Info (12128): Elaborating entity "altsyncram_24b1" for hierarchy "bram1024x32:bram_inst|altsyncram:altsyncram_component|altsyncram_24b1:auto_generated"
Info (286030): Timing-Driven Synthesis is running
Info (16010): Generating hard_block partition "hard_block:auto_generated_inst"
    Info (16011): Adding 0 node(s), including 0 DDIO, 0 PLL, 0 transceiver and 0 LCELL
Warning (21074): Design contains 22 input pin(s) that do not drive logic
    Warning (15610): No output dependent on input pin "avs_writedata[10]"
    Warning (15610): No output dependent on input pin "avs_writedata[11]"
    Warning (15610): No output dependent on input pin "avs_writedata[12]"
    Warning (15610): No output dependent on input pin "avs_writedata[13]"
    Warning (15610): No output dependent on input pin "avs_writedata[14]"
    Warning (15610): No output dependent on input pin "avs_writedata[15]"
    Warning (15610): No output dependent on input pin "avs_writedata[16]"
    Warning (15610): No output dependent on input pin "avs_writedata[17]"
    Warning (15610): No output dependent on input pin "avs_writedata[18]"
    Warning (15610): No output dependent on input pin "avs_writedata[19]"
    Warning (15610): No output dependent on input pin "avs_writedata[20]"
    Warning (15610): No output dependent on input pin "avs_writedata[21]"
    Warning (15610): No output dependent on input pin "avs_writedata[22]"
    Warning (15610): No output dependent on input pin "avs_writedata[23]"
    Warning (15610): No output dependent on input pin "avs_writedata[24]"
    Warning (15610): No output dependent on input pin "avs_writedata[25]"
    Warning (15610): No output dependent on input pin "avs_writedata[26]"
    Warning (15610): No output dependent on input pin "avs_writedata[27]"
    Warning (15610): No output dependent on input pin "avs_writedata[28]"
    Warning (15610): No output dependent on input pin "avs_writedata[29]"
    Warning (15610): No output dependent on input pin "avs_writedata[30]"
    Warning (15610): No output dependent on input pin "avs_writedata[31]"
Info (21057): Implemented 171 device resources after synthesis - the final resource count might be different
    Info (21058): Implemented 39 input pins
    Info (21059): Implemented 32 output pins
    Info (21061): Implemented 68 logic cells
    Info (21064): Implemented 32 RAM segments
Info: Quartus II 64-Bit Analysis & Synthesis was successful. 0 errors, 25 warnings
    Info: Peak virtual memory: 4638 megabytes
    Info: Processing ended: Mon Oct 20 22:12:56 2025
    Info: Elapsed time: 00:00:02
    Info: Total CPU time (on all processors): 00:00:02


