
**** Build of configuration Nios II for project simple_socket ****

make all 
      1 [main] sh 25060 find_fast_cwd: WARNING: Couldn't compute FAST_CWD pointer.  Please report this problem to
the public mailing list cygwin@cygwin.com
      1 [main] sh 23284 find_fast_cwd: WARNING: Couldn't compute FAST_CWD pointer.  Please report this problem to
the public mailing list cygwin@cygwin.com
      1 [main] echo 27668 find_fast_cwd: WARNING: Couldn't compute FAST_CWD pointer.  Please report this problem to
the public mailing list cygwin@cygwin.com
Info: Building ../simple_socket_bsp/
make --no-print-directory -C ../simple_socket_bsp/
      1 [main] pwd 19316 find_fast_cwd: WARNING: Couldn't compute FAST_CWD pointer.  Please report this problem to
the public mailing list cygwin@cygwin.com
      1 [main] sh 17564 find_fast_cwd: WARNING: Couldn't compute FAST_CWD pointer.  Please report this problem to
the public mailing list cygwin@cygwin.com
makefile:758: Warning: SOPC File J:/Altera/13.0sp1/projects/DE2_CD/DE2_demonstrations_Qsys/DE2_NET/system_0.sopcinfo could not be found.
      1 [main] echo 29240 find_fast_cwd: WARNING: Couldn't compute FAST_CWD pointer.  Please report this problem to
the public mailing list cygwin@cygwin.com
Creating libucosii_bsp.a...
rm -f -f libucosii_bsp.a
      1 [main] rm 22564 find_fast_cwd: WARNING: Couldn't compute FAST_CWD pointer.  Please report this problem to
the public mailing list cygwin@cygwin.com
nios2-elf-ar -src libucosii_bsp.a obj/HAL/src/alt_alarm_start.o obj/HAL/src/alt_busy_sleep.o obj/HAL/src/alt_close.o obj/HAL/src/alt_dcache_flush.o obj/HAL/src/alt_dcache_flush_all.o obj/HAL/src/alt_dcache_flush_no_writeback.o obj/HAL/src/alt_dev.o obj/HAL/src/alt_dev_llist_insert.o obj/HAL/src/alt_dma_rxchan_open.o obj/HAL/src/alt_dma_txchan_open.o obj/HAL/src/alt_do_ctors.o obj/HAL/src/alt_do_dtors.o obj/HAL/src/alt_environ.o obj/HAL/src/alt_errno.o obj/HAL/src/alt_exception_entry.o obj/HAL/src/alt_exception_muldiv.o obj/HAL/src/alt_exception_trap.o obj/HAL/src/alt_execve.o obj/HAL/src/alt_exit.o obj/HAL/src/alt_fcntl.o obj/HAL/src/alt_fd_lock.o obj/HAL/src/alt_fd_unlock.o obj/HAL/src/alt_find_dev.o obj/HAL/src/alt_find_file.o obj/HAL/src/alt_flash_dev.o obj/HAL/src/alt_fork.o obj/HAL/src/alt_fs_reg.o obj/HAL/src/alt_fstat.o obj/HAL/src/alt_get_fd.o obj/HAL/src/alt_getchar.o obj/HAL/src/alt_getpid.o obj/HAL/src/alt_gettod.o obj/HAL/src/alt_gmon.o obj/HAL/src/alt_icache_flush.o obj/HAL/src/alt_icache_flush_all.o obj/HAL/src/alt_iic.o obj/HAL/src/alt_iic_isr_register.o obj/HAL/src/alt_instruction_exception_entry.o obj/HAL/src/alt_instruction_exception_register.o obj/HAL/src/alt_io_redirect.o obj/HAL/src/alt_ioctl.o obj/HAL/src/alt_irq_entry.o obj/HAL/src/alt_irq_handler.o obj/HAL/src/alt_irq_register.o obj/HAL/src/alt_irq_vars.o obj/HAL/src/alt_isatty.o obj/HAL/src/alt_kill.o obj/HAL/src/alt_link.o obj/HAL/src/alt_load.o obj/HAL/src/alt_log_macro.o obj/HAL/src/alt_log_printf.o obj/HAL/src/alt_lseek.o obj/HAL/src/alt_main.o obj/HAL/src/alt_mcount.o obj/HAL/src/alt_open.o obj/HAL/src/alt_printf.o obj/HAL/src/alt_putchar.o obj/HAL/src/alt_putstr.o obj/HAL/src/alt_read.o obj/HAL/src/alt_release_fd.o obj/HAL/src/alt_remap_cached.o obj/HAL/src/alt_remap_uncached.o obj/HAL/src/alt_rename.o obj/HAL/src/alt_sbrk.o obj/HAL/src/alt_settod.o obj/HAL/src/alt_software_exception.o obj/HAL/src/alt_stat.o obj/HAL/src/alt_tick.o obj/HAL/src/alt_times.o obj/HAL/src/alt_uncached_free.o obj/HAL/src/alt_uncached_malloc.o obj/HAL/src/alt_unlink.o obj/HAL/src/alt_usleep.o obj/HAL/src/alt_wait.o obj/HAL/src/alt_write.o obj/HAL/src/altera_nios2_qsys_irq.o obj/HAL/src/crt0.o obj/HAL/src/os_cpu_a.o obj/HAL/src/os_cpu_c.o obj/UCOSII/src/alt_env_lock.o obj/UCOSII/src/alt_malloc_lock.o obj/UCOSII/src/os_core.o obj/UCOSII/src/os_dbg.o obj/UCOSII/src/os_flag.o obj/UCOSII/src/os_mbox.o obj/UCOSII/src/os_mem.o obj/UCOSII/src/os_mutex.o obj/UCOSII/src/os_q.o obj/UCOSII/src/os_sem.o obj/UCOSII/src/os_task.o obj/UCOSII/src/os_time.o obj/UCOSII/src/os_tmr.o obj/alt_sys_init.o obj/drivers/src/altera_avalon_cfi_flash.o obj/drivers/src/altera_avalon_cfi_flash_amd.o obj/drivers/src/altera_avalon_cfi_flash_intel.o obj/drivers/src/altera_avalon_cfi_flash_table.o obj/drivers/src/altera_avalon_epcs_flash_controller.o obj/drivers/src/altera_avalon_jtag_uart_fd.o obj/drivers/src/altera_avalon_jtag_uart_init.o obj/drivers/src/altera_avalon_jtag_uart_ioctl.o obj/drivers/src/altera_avalon_jtag_uart_read.o obj/drivers/src/altera_avalon_jtag_uart_write.o obj/drivers/src/altera_avalon_lcd_16207.o obj/drivers/src/altera_avalon_lcd_16207_fd.o obj/drivers/src/altera_avalon_spi.o obj/drivers/src/altera_avalon_sysid_qsys.o obj/drivers/src/altera_avalon_timer_sc.o obj/drivers/src/altera_avalon_timer_ts.o obj/drivers/src/altera_avalon_timer_vars.o obj/drivers/src/altera_avalon_uart_fd.o obj/drivers/src/altera_avalon_uart_init.o obj/drivers/src/altera_avalon_uart_ioctl.o obj/drivers/src/altera_avalon_uart_read.o obj/drivers/src/altera_avalon_uart_write.o obj/drivers/src/epcs_commands.o obj/iniche/src/allports/allports.o obj/iniche/src/allports/timeouts.o obj/iniche/src/allports/tk_misc.o obj/iniche/src/alt_iniche_close.o obj/iniche/src/alt_iniche_dev.o obj/iniche/src/alt_iniche_fcntl.o obj/iniche/src/alt_iniche_read.o obj/iniche/src/alt_iniche_write.o obj/iniche/src/autoip4/autoip.o obj/iniche/src/autoip4/upnp.o obj/iniche/src/autoip4/upnpmenu.o obj/iniche/src/ftp/ftpclnt.o obj/iniche/src/ftp/ftpcport.o obj/iniche/src/ftp/ftpcprn.o obj/iniche/src/ftp/ftpmenu.o obj/iniche/src/ftp/ftpsport.o obj/iniche/src/ftp/ftpsrv.o obj/iniche/src/ftp/ftpssock.o obj/iniche/src/ftp/ftpsvfs.o obj/iniche/src/ip/et_arp.o obj/iniche/src/ip/icmp.o obj/iniche/src/ip/iface.o obj/iniche/src/ip/ip.o obj/iniche/src/ip/ip_reasm.o obj/iniche/src/ip/ipdemux.o obj/iniche/src/ip/ipmc.o obj/iniche/src/ip/ipnet.o obj/iniche/src/ip/ipport.o obj/iniche/src/ip/ipraw.o obj/iniche/src/ip/iproute.o obj/iniche/src/ip/ipstart.o obj/iniche/src/ip/pmtu.o obj/iniche/src/ip/rtbtree.o obj/iniche/src/ip/udp.o obj/iniche/src/ipmc/igmp.o obj/iniche/src/ipmc/igmp2.o obj/iniche/src/ipmc/igmp_cmn.o obj/iniche/src/ipmc/ipopt.o obj/iniche/src/ipmc/u_mctest.o obj/iniche/src/misclib/app_ping.o obj/iniche/src/misclib/bsdsock.o obj/iniche/src/misclib/cksum.o obj/iniche/src/misclib/cu_srv.o obj/iniche/src/misclib/dhcsetup.o obj/iniche/src/misclib/genlist.o obj/iniche/src/misclib/in_utils.o obj/iniche/src/misclib/iniche_log.o obj/iniche/src/misclib/iniche_qsort.o obj/iniche/src/misclib/localtime.o obj/iniche/src/misclib/memdev.o obj/iniche/src/misclib/memio.o obj/iniche/src/misclib/memwrap.o obj/iniche/src/misclib/menulib.o obj/iniche/src/misclib/menus.o obj/iniche/src/misclib/msring.o obj/iniche/src/misclib/netmain.o obj/iniche/src/misclib/nextcarg.o obj/iniche/src/misclib/nrmenus.o obj/iniche/src/misclib/nvfsio.o obj/iniche/src/misclib/nvparms.o obj/iniche/src/misclib/parseip.o obj/iniche/src/misclib/pcycles.o obj/iniche/src/misclib/profiler.o obj/iniche/src/misclib/rawiptst.o obj/iniche/src/misclib/reshost.o obj/iniche/src/misclib/rfsim.o obj/iniche/src/misclib/rttest.o obj/iniche/src/misclib/soperr.o obj/iniche/src/misclib/strilib.o obj/iniche/src/misclib/strlib.o obj/iniche/src/misclib/strtol.o obj/iniche/src/misclib/syslog.o obj/iniche/src/misclib/task.o obj/iniche/src/misclib/tcp_echo.o obj/iniche/src/misclib/tcpcksum.o obj/iniche/src/misclib/testmenu.o obj/iniche/src/misclib/tk_crnos.o obj/iniche/src/misclib/ttyio.o obj/iniche/src/misclib/udp_echo.o obj/iniche/src/misclib/userpass.o obj/iniche/src/net/dhcpclnt.o obj/iniche/src/net/dhcputil.o obj/iniche/src/net/dnsclnt.o obj/iniche/src/net/ifmap.o obj/iniche/src/net/macloop.o obj/iniche/src/net/ping.o obj/iniche/src/net/pktalloc.o obj/iniche/src/net/q.o obj/iniche/src/net/slip.o obj/iniche/src/net/slipif.o obj/iniche/src/net/udp_open.o obj/iniche/src/nios2/asm_cksum.o obj/iniche/src/nios2/brdutils.o obj/iniche/src/nios2/osportco.o obj/iniche/src/nios2/targnios.o obj/iniche/src/tcp/in_pcb.o obj/iniche/src/tcp/nptcp.o obj/iniche/src/tcp/rawsock.o obj/iniche/src/tcp/sockcall.o obj/iniche/src/tcp/socket.o obj/iniche/src/tcp/socket2.o obj/iniche/src/tcp/soselect.o obj/iniche/src/tcp/tcp_in.o obj/iniche/src/tcp/tcp_menu.o obj/iniche/src/tcp/tcp_out.o obj/iniche/src/tcp/tcp_subr.o obj/iniche/src/tcp/tcp_timr.o obj/iniche/src/tcp/tcp_usr.o obj/iniche/src/tcp/tcp_zio.o obj/iniche/src/tcp/tcpport.o obj/iniche/src/tcp/tcpsack.o obj/iniche/src/tcp/udpsock.o obj/iniche/src/telnet/telerr.o obj/iniche/src/telnet/telmenu.o obj/iniche/src/telnet/telnet.o obj/iniche/src/telnet/telparse.o obj/iniche/src/telnet/telport.o obj/iniche/src/tftp/tftpcli.o obj/iniche/src/tftp/tftpmenu.o obj/iniche/src/tftp/tftpport.o obj/iniche/src/tftp/tftpsrv.o obj/iniche/src/tftp/tftpudp.o obj/iniche/src/tftp/tftputil.o obj/iniche/src/vfs/vfsfiles.o obj/iniche/src/vfs/vfsport.o obj/iniche/src/vfs/vfssync.o obj/iniche/src/vfs/vfsutil.o
      1 [main] sh 29628 find_fast_cwd: WARNING: Couldn't compute FAST_CWD pointer.  Please report this problem to
the public mailing list cygwin@cygwin.com
[BSP build complete]
      1 [main] echo 22040 find_fast_cwd: WARNING: Couldn't compute FAST_CWD pointer.  Please report this problem to
the public mailing list cygwin@cygwin.com
Info: Compiling SSS_DE2_115.c to obj/default/SSS_DE2_115.o
      1 [main] mkdir 29592 find_fast_cwd: WARNING: Couldn't compute FAST_CWD pointer.  Please report this problem to
the public mailing list cygwin@cygwin.com
nios2-elf-gcc -xc -MP -MMD -c -I../simple_socket_bsp//iniche/inc -I../simple_socket_bsp//iniche/src/h -I../simple_socket_bsp//iniche/src/h/nios2 -I../simple_socket_bsp//iniche/src/nios2 -I../simple_socket_bsp//UCOSII/inc -I../simple_socket_bsp//HAL/inc -I../simple_socket_bsp/ -I../simple_socket_bsp//drivers/inc  -DSYSTEM_BUS_WIDTH=32 -pipe -D__hal__ -DALT_NO_INSTRUCTION_EMULATION -DALT_INICHE -D__ucosii__    -O0 -g -Wall   -EL -mno-hw-div -mhw-mul -mno-hw-mulx  -o obj/default/SSS_DE2_115.o SSS_DE2_115.c
      1 [main] echo 19340 find_fast_cwd: WARNING: Couldn't compute FAST_CWD pointer.  Please report this problem to
the public mailing list cygwin@cygwin.com
Info: Compiling alt_error_handler.c to obj/default/alt_error_handler.o
      1 [main] mkdir 23832 find_fast_cwd: WARNING: Couldn't compute FAST_CWD pointer.  Please report this problem to
the public mailing list cygwin@cygwin.com
nios2-elf-gcc -xc -MP -MMD -c -I../simple_socket_bsp//iniche/inc -I../simple_socket_bsp//iniche/src/h -I../simple_socket_bsp//iniche/src/h/nios2 -I../simple_socket_bsp//iniche/src/nios2 -I../simple_socket_bsp//UCOSII/inc -I../simple_socket_bsp//HAL/inc -I../simple_socket_bsp/ -I../simple_socket_bsp//drivers/inc  -DSYSTEM_BUS_WIDTH=32 -pipe -D__hal__ -DALT_NO_INSTRUCTION_EMULATION -DALT_INICHE -D__ucosii__    -O0 -g -Wall   -EL -mno-hw-div -mhw-mul -mno-hw-mulx  -o obj/default/alt_error_handler.o alt_error_handler.c
      1 [main] echo 29824 find_fast_cwd: WARNING: Couldn't compute FAST_CWD pointer.  Please report this problem to
Info: Compiling dm9000a.c to obj/default/dm9000a.o
the public mailing list cygwin@cygwin.com
      1 [main] mkdir 20256 find_fast_cwd: WARNING: Couldn't compute FAST_CWD pointer.  Please report this problem to
the public mailing list cygwin@cygwin.com
nios2-elf-gcc -xc -MP -MMD -c -I../simple_socket_bsp//iniche/inc -I../simple_socket_bsp//iniche/src/h -I../simple_socket_bsp//iniche/src/h/nios2 -I../simple_socket_bsp//iniche/src/nios2 -I../simple_socket_bsp//UCOSII/inc -I../simple_socket_bsp//HAL/inc -I../simple_socket_bsp/ -I../simple_socket_bsp//drivers/inc  -DSYSTEM_BUS_WIDTH=32 -pipe -D__hal__ -DALT_NO_INSTRUCTION_EMULATION -DALT_INICHE -D__ucosii__    -O0 -g -Wall   -EL -mno-hw-div -mhw-mul -mno-hw-mulx  -o obj/default/dm9000a.o dm9000a.c
dm9000a.c: In function 'prep_dm9000a':
dm9000a.c:186: warning: pointer targets in assignment differ in signedness
dm9000a.c:204: warning: pointer targets in passing argument 2 of 'get_mac_addr' differ in signedness
dm9000a.c: In function 'dm9000a_isr':
dm9000a.c:281: warning: pointer targets in initialization differ in signedness
dm9000a.c: In function 'dm9ka_init':
dm9000a.c:379: warning: pointer targets in passing argument 1 of 'dm9000a_reset' differ in signedness
dm9000a.c:382: warning: implicit declaration of function 'alt_irq_register'
dm9000a.c: In function 'dm9ka_pkt_send':
dm9000a.c:453: warning: pointer targets in passing argument 1 of 'TransmitPacket' differ in signedness
      1 [main] echo 26360 find_fast_cwd: WARNING: Couldn't compute FAST_CWD pointer.  Please report this problem to
the public mailing list cygwin@cygwin.com
Info: Compiling iniche_init.c to obj/default/iniche_init.o
      1 [main] mkdir 14760 find_fast_cwd: WARNING: Couldn't compute FAST_CWD pointer.  Please report this problem to
the public mailing list cygwin@cygwin.com
nios2-elf-gcc -xc -MP -MMD -c -I../simple_socket_bsp//iniche/inc -I../simple_socket_bsp//iniche/src/h -I../simple_socket_bsp//iniche/src/h/nios2 -I../simple_socket_bsp//iniche/src/nios2 -I../simple_socket_bsp//UCOSII/inc -I../simple_socket_bsp//HAL/inc -I../simple_socket_bsp/ -I../simple_socket_bsp//drivers/inc  -DSYSTEM_BUS_WIDTH=32 -pipe -D__hal__ -DALT_NO_INSTRUCTION_EMULATION -DALT_INICHE -D__ucosii__    -O0 -g -Wall   -EL -mno-hw-div -mhw-mul -mno-hw-mulx  -o obj/default/iniche_init.o iniche_init.c
iniche_init.c: In function 'SSSInitialTask':
iniche_init.c:151: warning: implicit declaration of function 'inet_pton'
iniche_init.c:143: warning: unused variable 'received'
iniche_init.c:142: warning: unused variable 'm'
iniche_init.c:94: warning: unused variable 'error_code'
      2 [main] echo 17344 find_fast_cwd: WARNING: Couldn't compute FAST_CWD pointer.  Please report this problem to
the public mailing list cygwin@cygwin.com
Info: Compiling led.c to obj/default/led.o
      1 [main] mkdir 27984 find_fast_cwd: WARNING: Couldn't compute FAST_CWD pointer.  Please report this problem to
the public mailing list cygwin@cygwin.com
nios2-elf-gcc -xc -MP -MMD -c -I../simple_socket_bsp//iniche/inc -I../simple_socket_bsp//iniche/src/h -I../simple_socket_bsp//iniche/src/h/nios2 -I../simple_socket_bsp//iniche/src/nios2 -I../simple_socket_bsp//UCOSII/inc -I../simple_socket_bsp//HAL/inc -I../simple_socket_bsp/ -I../simple_socket_bsp//drivers/inc  -DSYSTEM_BUS_WIDTH=32 -pipe -D__hal__ -DALT_NO_INSTRUCTION_EMULATION -DALT_INICHE -D__ucosii__    -O0 -g -Wall   -EL -mno-hw-div -mhw-mul -mno-hw-mulx  -o obj/default/led.o led.c
led.c: In function 'LED7SegLightshowTask':
led.c:97: warning: unused variable 'led_7_seg_val'
      1 [main] echo 16684 find_fast_cwd: WARNING: Couldn't compute FAST_CWD pointer.  Please report this problem to
the public mailing list cygwin@cygwin.com
Info: Compiling network_utilities.c to obj/default/network_utilities.o
      1 [main] mkdir 22104 find_fast_cwd: WARNING: Couldn't compute FAST_CWD pointer.  Please report this problem to
the public mailing list cygwin@cygwin.com
nios2-elf-gcc -xc -MP -MMD -c -I../simple_socket_bsp//iniche/inc -I../simple_socket_bsp//iniche/src/h -I../simple_socket_bsp//iniche/src/h/nios2 -I../simple_socket_bsp//iniche/src/nios2 -I../simple_socket_bsp//UCOSII/inc -I../simple_socket_bsp//HAL/inc -I../simple_socket_bsp/ -I../simple_socket_bsp//drivers/inc  -DSYSTEM_BUS_WIDTH=32 -pipe -D__hal__ -DALT_NO_INSTRUCTION_EMULATION -DALT_INICHE -D__ucosii__    -O0 -g -Wall   -EL -mno-hw-div -mhw-mul -mno-hw-mulx  -o obj/default/network_utilities.o network_utilities.c
      1 [main] echo 27972 find_fast_cwd: WARNING: Couldn't compute FAST_CWD pointer.  Please report this problem to
the public mailing list cygwin@cygwin.com
Info: Compiling simple_socket_server.c to obj/default/simple_socket_server.o
      1 [main] mkdir 29692 find_fast_cwd: WARNING: Couldn't compute FAST_CWD pointer.  Please report this problem to
the public mailing list cygwin@cygwin.com
nios2-elf-gcc -xc -MP -MMD -c -I../simple_socket_bsp//iniche/inc -I../simple_socket_bsp//iniche/src/h -I../simple_socket_bsp//iniche/src/h/nios2 -I../simple_socket_bsp//iniche/src/nios2 -I../simple_socket_bsp//UCOSII/inc -I../simple_socket_bsp//HAL/inc -I../simple_socket_bsp/ -I../simple_socket_bsp//drivers/inc  -DSYSTEM_BUS_WIDTH=32 -pipe -D__hal__ -DALT_NO_INSTRUCTION_EMULATION -DALT_INICHE -D__ucosii__    -O0 -g -Wall   -EL -mno-hw-div -mhw-mul -mno-hw-mulx  -o obj/default/simple_socket_server.o simple_socket_server.c
simple_socket_server.c: In function 'sss_send_menu':
simple_socket_server.c:201: warning: pointer targets in passing argument 1 of 'sprintf' differ in signedness
simple_socket_server.c:202: warning: pointer targets in passing argument 1 of 'sprintf' differ in signedness
simple_socket_server.c:203: warning: pointer targets in passing argument 1 of 'sprintf' differ in signedness
simple_socket_server.c:204: warning: pointer targets in passing argument 1 of 'sprintf' differ in signedness
simple_socket_server.c:205: warning: pointer targets in passing argument 1 of 'sprintf' differ in signedness
simple_socket_server.c:206: warning: pointer targets in passing argument 1 of 'sprintf' differ in signedness
simple_socket_server.c:207: warning: pointer targets in passing argument 1 of 'sprintf' differ in signedness
simple_socket_server.c:208: warning: pointer targets in passing argument 1 of 'sprintf' differ in signedness
simple_socket_server.c:210: warning: pointer targets in passing argument 2 of 't_send' differ in signedness
simple_socket_server.c: In function 'sss_exec_command':
simple_socket_server.c:304: warning: pointer targets in passing argument 1 of 'sprintf' differ in signedness
simple_socket_server.c:316: warning: pointer targets in passing argument 2 of 't_send' differ in signedness
simple_socket_server.c:275: warning: unused variable 'width'
simple_socket_server.c:275: warning: unused variable 'height'
simple_socket_server.c:275: warning: unused variable 'j'
simple_socket_server.c:275: warning: unused variable 'i'
simple_socket_server.c: In function 'sss_handle_receive':
simple_socket_server.c:355: warning: pointer targets in passing argument 1 of 'strchr' differ in signedness
simple_socket_server.c:355: warning: pointer targets in assignment differ in signedness
simple_socket_server.c:365: warning: pointer targets in passing argument 2 of 't_recv' differ in signedness
simple_socket_server.c: In function 'SSSSimpleSocketServerTask':
simple_socket_server.c:435: warning: implicit declaration of function 'inet_pton'
simple_socket_server.c:446: warning: implicit declaration of function 'shutdown'
      1 [main] true 16028 find_fast_cwd: WARNING: Couldn't compute FAST_CWD pointer.  Please report this problem to
the public mailing list cygwin@cygwin.com
      1 [main] echo 30016 find_fast_cwd: WARNING: Couldn't compute FAST_CWD pointer.  Please report this problem to
the public mailing list cygwin@cygwin.com
Info: Linking simple_socket.elf
nios2-elf-g++  -T'../simple_socket_bsp//linker.x' -msys-crt0='../simple_socket_bsp//obj/HAL/src/crt0.o' -msys-lib=ucosii_bsp -L../simple_socket_bsp/   -Wl,-Map=simple_socket.map   -O0 -g -Wall   -EL -mno-hw-div -mhw-mul -mno-hw-mulx  -o simple_socket.elf obj/default/LCD.o obj/default/SSS_DE2_115.o obj/default/alt_error_handler.o obj/default/dm9000a.o obj/default/iniche_init.o obj/default/led.o obj/default/network_utilities.o obj/default/simple_socket_server.o obj/default/tse_my_system.o -lm 
nios2-elf-insert simple_socket.elf --thread_model ucosii --cpu_name cpu_0 --qsys true --simulation_enabled false --id 0 --sidp 0x1a82108 --timestamp 1530840655 --stderr_dev jtag_uart_0 --stdin_dev jtag_uart_0 --stdout_dev jtag_uart_0 --sopc_system_name system_0 --quartus_project_dir "C:/Users/joaop/Downloads/FFTFpga-main/FFTFpga-main/DE2_NET"
      1 [main] sh 8760 find_fast_cwd: WARNING: Couldn't compute FAST_CWD pointer.  Please report this problem to
the public mailing list cygwin@cygwin.com
      1 [main] uname 14712 find_fast_cwd: WARNING: Couldn't compute FAST_CWD pointer.  Please report this problem to
the public mailing list cygwin@cygwin.com
      1 [main] sh 11640 find_fast_cwd: WARNING: Couldn't compute FAST_CWD pointer.  Please report this problem to
the public mailing list cygwin@cygwin.com
Info: (simple_socket.elf) 363 KBytes program size (code + initialized data).
Info:                     7828 KBytes free for stack + heap.
      1 [main] echo 20324 find_fast_cwd: WARNING: Couldn't compute FAST_CWD pointer.  Please report this problem to
the public mailing list cygwin@cygwin.com
Info: Creating simple_socket.objdump
nios2-elf-objdump --disassemble --syms --all-header --source simple_socket.elf >simple_socket.objdump
      1 [main] sh 29380 find_fast_cwd: WARNING: Couldn't compute FAST_CWD pointer.  Please report this problem to
the public mailing list cygwin@cygwin.com
      1 [main] sh 25260 find_fast_cwd: WARNING: Couldn't compute FAST_CWD pointer.  Please report this problem to
the public mailing list cygwin@cygwin.com
[simple_socket build complete]

**** Build Finished ****

**** Build of configuration Nios II for project simple_socket_bsp ****

make all 
      1 [main] pwd 18928 find_fast_cwd: WARNING: Couldn't compute FAST_CWD pointer.  Please report this problem to
the public mailing list cygwin@cygwin.com
      2 [main] sh 11900 find_fast_cwd: WARNING: Couldn't compute FAST_CWD pointer.  Please report this problem to
the public mailing list cygwin@cygwin.com
makefile:758: Warning: SOPC File J:/Altera/13.0sp1/projects/DE2_CD/DE2_demonstrations_Qsys/DE2_NET/system_0.sopcinfo could not be found.
      1 [main] sh 26280 find_fast_cwd: WARNING: Couldn't compute FAST_CWD pointer.  Please report this problem to
the public mailing list cygwin@cygwin.com
[BSP build complete]

**** Build Finished ****

**** Build of configuration Nios II for project simple_socket ****

make all 
      1 [main] sh 12016 find_fast_cwd: WARNING: Couldn't compute FAST_CWD pointer.  Please report this problem to
the public mailing list cygwin@cygwin.com
      1 [main] sh 16744 find_fast_cwd: WARNING: Couldn't compute FAST_CWD pointer.  Please report this problem to
the public mailing list cygwin@cygwin.com
      1 [main] echo 2820 find_fast_cwd: WARNING: Couldn't compute FAST_CWD pointer.  Please report this problem to
the public mailing list cygwin@cygwin.com
Info: Building ../simple_socket_bsp/
make --no-print-directory -C ../simple_socket_bsp/
      1 [main] pwd 3112 find_fast_cwd: WARNING: Couldn't compute FAST_CWD pointer.  Please report this problem to
the public mailing list cygwin@cygwin.com
      1 [main] sh 23496 find_fast_cwd: WARNING: Couldn't compute FAST_CWD pointer.  Please report this problem to
the public mailing list cygwin@cygwin.com
makefile:758: Warning: SOPC File J:/Altera/13.0sp1/projects/DE2_CD/DE2_demonstrations_Qsys/DE2_NET/system_0.sopcinfo could not be found.
      1 [main] sh 21724 find_fast_cwd: WARNING: Couldn't compute FAST_CWD pointer.  Please report this problem to
the public mailing list cygwin@cygwin.com
[BSP build complete]
      1 [main] true 12964 find_fast_cwd: WARNING: Couldn't compute FAST_CWD pointer.  Please report this problem to
the public mailing list cygwin@cygwin.com
      1 [main] sh 20680 find_fast_cwd: WARNING: Couldn't compute FAST_CWD pointer.  Please report this problem to
the public mailing list cygwin@cygwin.com
[simple_socket build complete]

**** Build Finished ****

**** Build of configuration Nios II for project simple_socket ****

make all 
      1 [main] sh 8228 find_fast_cwd: WARNING: Couldn't compute FAST_CWD pointer.  Please report this problem to
the public mailing list cygwin@cygwin.com
      1 [main] sh 14620 find_fast_cwd: WARNING: Couldn't compute FAST_CWD pointer.  Please report this problem to
the public mailing list cygwin@cygwin.com
      1 [main] echo 11192 find_fast_cwd: WARNING: Couldn't compute FAST_CWD pointer.  Please report this problem to
the public mailing list cygwin@cygwin.com
Info: Building ../simple_socket_bsp/
make --no-print-directory -C ../simple_socket_bsp/
      1 [main] pwd 22372 find_fast_cwd: WARNING: Couldn't compute FAST_CWD pointer.  Please report this problem to
the public mailing list cygwin@cygwin.com
      1 [main] sh 20368 find_fast_cwd: WARNING: Couldn't compute FAST_CWD pointer.  Please report this problem to
the public mailing list cygwin@cygwin.com
makefile:758: Warning: SOPC File J:/Altera/13.0sp1/projects/DE2_CD/DE2_demonstrations_Qsys/DE2_NET/system_0.sopcinfo could not be found.
      1 [main] sh 19536 find_fast_cwd: WARNING: Couldn't compute FAST_CWD pointer.  Please report this problem to
the public mailing list cygwin@cygwin.com
[BSP build complete]
      1 [main] true 22168 find_fast_cwd: WARNING: Couldn't compute FAST_CWD pointer.  Please report this problem to
the public mailing list cygwin@cygwin.com
      1 [main] sh 20392 find_fast_cwd: WARNING: Couldn't compute FAST_CWD pointer.  Please report this problem to
the public mailing list cygwin@cygwin.com
[simple_socket build complete]

**** Build Finished ****
